#
# A fatal error has been detected by the Java Runtime Environment:
#
#  EXCEPTION_ACCESS_VIOLATION (0xc0000005) at pc=0x00007ffcd185beca, pid=23492, tid=25524
#
# JRE version: Java(TM) SE Runtime Environment (17.0+35) (build 17+35-LTS-2724)
# Java VM: Java HotSpot(TM) 64-Bit Server VM (17+35-LTS-2724, mixed mode, sharing, tiered, compressed oops, compressed class ptrs, g1 gc, windows-amd64)
# Problematic frame:
# V  [jvm.dll+0x73beca]
#
# No core dump will be written. Minidumps are not enabled by default on client versions of Windows
#
# If you would like to submit a bug report, please visit:
#   https://bugreport.java.com/bugreport/crash.jsp
#

---------------  S U M M A R Y ------------

Command Line: -XX:+ShowCodeDetailsInExceptionMessages -agentlib:jdwp=transport=dt_socket,suspend=y,address=localhost:53697 -javaagent:D:\Archivos de Programa\Eclipse\eclipse\configuration\org.eclipse.osgi\222\0\.cp\lib\javaagent-shaded.jar -Dfile.encoding=UTF-8 Programa.main

Host: AMD Ryzen 7 3700U with Radeon Vega Mobile Gfx  , 8 cores, 14G,  Windows 10 , 64 bit Build 22000 (10.0.22000.613)
Time: Wed Apr 20 16:56:32 2022 Hora de verano romance elapsed time: 212.453970 seconds (0d 0h 3m 32s)

---------------  T H R E A D  ---------------

Current thread (0x00000229e221a950):  JavaThread "JDWP Transport Listener: dt_socket" daemon [_thread_in_vm, id=25524, stack(0x000000f37f400000,0x000000f37f500000)]

Stack: [0x000000f37f400000,0x000000f37f500000],  sp=0x000000f37f4ff5e0,  free space=1021k
Native frames: (J=compiled Java code, j=interpreted, Vv=VM code, C=native code)
V  [jvm.dll+0x73beca]
V  [jvm.dll+0x50476c]
V  [jvm.dll+0x4d0084]
C  [jdwp.dll+0x22e9f]


siginfo: EXCEPTION_ACCESS_VIOLATION (0xc0000005), reading address 0x0000000001210007


Register to memory mapping:

RIP=0x00007ffcd185beca jvm.dll
RAX=0x0000000000000122 is an unknown value
RBX=0x00000229e1593fd1 points into unknown readable memory: 72 61 62 6c 65 3b 29
RCX=0x0000000001210003 is an unknown value
RDX=0x00000229e2233690 points into unknown readable memory: 0x61482f617461444c | 4c 44 61 74 61 2f 48 61
RSP=0x000000f37f4ff5e0 is pointing into the stack for thread: 0x00000229e221a950
RBP=0x00000229e215bc00 points into unknown readable memory: 0x0000000000000002 | 02 00 00 00 00 00 00 00
RSI=0x0 is NULL
RDI=0xffffffffffffffff is an unknown value
R8 =0x0000000000000008 is an unknown value
R9 =0x000000000000000d is an unknown value
R10=0x0 is NULL
R11=0x000000f37f4ff600 is pointing into the stack for thread: 0x00000229e221a950
R12=0x000000f37f4ff738 is pointing into the stack for thread: 0x00000229e221a950
R13=0x0 is NULL
R14=0x0000000800c05af0 is a pointer to class: 
Data.HashTable {0x0000000800c05af8}
 - instance size:     7
 - klass size:        75
 - access:            public synchronized 
 - state:             fully_initialized
 - name:              'Data/HashTable'
 - super:             'java/lang/Object'
 - sub:               
 - arrays:            NULL
 - methods:           Array<T>(0x00000229e1c42b50)
 - method ordering:   Array<T>(0x00000229e1c43df0)
 - default_methods:   Array<T>(0x0000000000000000)
 - local interfaces:  Array<T>(0x00000008005af3b0)
 - trans. interfaces: Array<T>(0x00000008005af3b0)
 - constants:         constant pool [292] {0x00000229e1c45598} for 'Data/HashTable' cache=0x00000229e1c45f90
 - class loader data:  loader data: 0x00000229e15ae4c0 for instance a 'jdk/internal/loader/ClassLoaders$AppClassLoader'{0x000000071fc58250}
 - source file:       'HashTable.java'
 - source debug extension:       SMAP
HashTable.java
Java
*S jdt
*F
1 HashTable.java
2 file:/D:/University/Prac1ED/Fase2/bin/
*L
*E

 - class annotations:       Array<T>(0x0000000000000000)
 - class type annotations:  Array<T>(0x0000000000000000)
 - field annotations:       Array<T>(0x0000000000000000)
 - field type annotations:  Array<T>(0x0000000000000000)
 - previous version:  constant pool [288] {0x00000229e1c3dc18} for 'Data/HashTable' (extra) cache=0x00000229e1c40000
 - generic signature: '
[error occurred during error reporting (printing register info), id 0xc0000005, EXCEPTION_ACCESS_VIOLATION (0xc0000005) at pc=0x00007ffcd185cad6]

Registers:
RAX=0x0000000000000122, RBX=0x00000229e1593fd1, RCX=0x0000000001210003, RDX=0x00000229e2233690
RSP=0x000000f37f4ff5e0, RBP=0x00000229e215bc00, RSI=0x0000000000000000, RDI=0xffffffffffffffff
R8 =0x0000000000000008, R9 =0x000000000000000d, R10=0x0000000000000000, R11=0x000000f37f4ff600
R12=0x000000f37f4ff738, R13=0x0000000000000000, R14=0x0000000800c05af0, R15=0x000000f37f4ff788
RIP=0x00007ffcd185beca, EFLAGS=0x0000000000010202

Top of Stack: (sp=0x000000f37f4ff5e0)
0x000000f37f4ff5e0:   000000000000000e 0000000800c05af0
0x000000f37f4ff5f0:   00000229e221a950 0000000000000000
0x000000f37f4ff600:   ffffffffffffffff 00007ffcd162476c
0x000000f37f4ff610:   00000229e1593fd1 00000229e1593fc0
0x000000f37f4ff620:   00000229e215bc00 00000229e2860f40
0x000000f37f4ff630:   00000229e1593fa0 00000000000003d8
0x000000f37f4ff640:   00000229e1593fb0 00000229e1594388
0x000000f37f4ff650:   0000000000000002 000000f37f4ff738
0x000000f37f4ff660:   0000000000000000 0000000000000000
0x000000f37f4ff670:   000000071f8c6428 00007ffcd15f0084
0x000000f37f4ff680:   00000229e221a950 000000f37f4ff788
0x000000f37f4ff690:   00000229bf1c7a50 000000f37f4ff788
0x000000f37f4ff6a0:   00000229e221a950 0000000000000000
0x000000f37f4ff6b0:   0000022900000000 0000000000000000
0x000000f37f4ff6c0:   000000000000000d 00007ffd6aae2e9f
0x000000f37f4ff6d0:   000000f37f4ff780 00007ffd6aaf1830 

Instructions: (pc=0x00007ffcd185beca)
0x00007ffcd185bdca:   48 83 c4 20 5f e9 fc 87 96 ff cc cc cc cc cc cc
0x00007ffcd185bdda:   cc cc cc cc cc cc 48 89 5c 24 08 57 48 83 ec 20
0x00007ffcd185bdea:   83 fa 02 8d 42 06 b9 08 00 00 00 49 8b d8 0f 4e
0x00007ffcd185bdfa:   c1 48 63 c8 48 83 c1 07 83 e1 f8 48 63 f9 49 8b
0x00007ffcd185be0a:   48 18 48 8b c7 48 f7 d0 48 3b c1 73 16 4c 8d 05
0x00007ffcd185be1a:   9a 48 17 00 48 8b d7 48 8b cb e8 07 eb 96 ff 48
0x00007ffcd185be2a:   8b 4b 18 48 8d 04 39 48 3b 43 20 76 18 45 33 c0
0x00007ffcd185be3a:   48 8b d7 48 8b cb 48 8b 5c 24 30 48 83 c4 20 5f
0x00007ffcd185be4a:   e9 61 e7 96 ff 48 89 43 18 48 8b c1 48 8b 5c 24
0x00007ffcd185be5a:   30 48 83 c4 20 5f c3 cc cc cc cc cc cc cc cc cc
0x00007ffcd185be6a:   cc cc cc cc cc cc 4c 8b d2 4c 8b d9 45 85 c0 7e
0x00007ffcd185be7a:   3c 44 0f b7 49 04 41 8d 40 ff 41 3b c1 44 0f 4c
0x00007ffcd185be8a:   c8 4d 63 c1 45 85 c9 7e 1f 48 8b c2 4c 2b da 49
0x00007ffcd185be9a:   8b d0 0f 1f 40 00 41 0f b6 4c 03 06 88 08 48 8d
0x00007ffcd185beaa:   40 01 48 83 ea 01 75 ee 43 c6 04 10 00 49 8b c2
0x00007ffcd185beba:   c3 cc cc cc cc cc 48 89 5c 24 08 57 48 83 ec 20
0x00007ffcd185beca:   0f b7 59 04 48 8b f9 33 d2 48 8d 4b 01 e8 14 9b
0x00007ffcd185beda:   f8 ff 0f b7 57 04 4c 8b c0 3b da 0f 42 d3 44 8b
0x00007ffcd185beea:   ca 85 d2 74 39 48 2b f8 0f 1f 40 00 66 66 0f 1f
0x00007ffcd185befa:   84 00 00 00 00 00 0f b6 4c 07 06 88 08 48 ff c0
0x00007ffcd185bf0a:   48 8b c8 49 2b c8 49 3b c9 7c eb 42 c6 04 02 00
0x00007ffcd185bf1a:   49 8b c0 48 8b 5c 24 30 48 83 c4 20 5f c3 48 8b
0x00007ffcd185bf2a:   5c 24 30 c6 04 02 00 48 83 c4 20 5f c3 cc cc cc
0x00007ffcd185bf3a:   cc cc cc cc cc cc 4c 8b d1 45 85 c0 7e 6c 44 0f
0x00007ffcd185bf4a:   b7 49 04 41 8d 40 ff 41 3b c1 44 0f 4c c8 4d 63
0x00007ffcd185bf5a:   d9 45 85 c9 7e 22 48 8b ca 4c 2b d2 4d 8b c3 0f
0x00007ffcd185bf6a:   1f 80 00 00 00 00 41 0f b6 44 0a 06 88 01 48 8d
0x00007ffcd185bf7a:   49 01 49 83 e8 01 75 ee 41 c6 04 13 00 48 c7 c0
0x00007ffcd185bf8a:   ff ff ff ff 66 90 48 ff c0 80 3c 02 00 75 f7 48
0x00007ffcd185bf9a:   63 c8 85 c0 48 8b c2 7e 14 80 38 2f 75 03 c6 00
0x00007ffcd185bfaa:   2e 48 ff c0 48 83 e9 01 75 ef 48 8b c2 c3 cc cc
0x00007ffcd185bfba:   cc cc cc cc cc cc 48 83 ec 28 e8 f7 fe ff ff 4c 


Stack slot to memory mapping:
stack at sp + 0 slots: 0x000000000000000e is an unknown value
stack at sp + 1 slots: 0x0000000800c05af0 is a pointer to class: 
Data.HashTable {0x0000000800c05af8}
 - instance size:     7
 - klass size:        75
 - access:            public synchronized 
 - state:             fully_initialized
 - name:              'Data/HashTable'
 - super:             'java/lang/Object'
 - sub:               
 - arrays:            NULL
 - methods:           Array<T>(0x00000229e1c42b50)
 - method ordering:   Array<T>(0x00000229e1c43df0)
 - default_methods:   Array<T>(0x0000000000000000)
 - local interfaces:  Array<T>(0x00000008005af3b0)
 - trans. interfaces: Array<T>(0x00000008005af3b0)
 - constants:         constant pool [292] {0x00000229e1c45598} for 'Data/HashTable' cache=0x00000229e1c45f90
 - class loader data:  loader data: 0x00000229e15ae4c0 for instance a 'jdk/internal/loader/ClassLoaders$AppClassLoader'{0x000000071fc58250}
 - source file:       'HashTable.java'
 - source debug extension:       SMAP
HashTable.java
Java
*S jdt
*F
1 HashTable.java
2 file:/D:/University/Prac1ED/Fase2/bin/
*L
*E

 - class annotations:       Array<T>(0x0000000000000000)
 - class type annotations:  Array<T>(0x0000000000000000)
 - field annotations:       Array<T>(0x0000000000000000)
 - field type annotations:  Array<T>(0x0000000000000000)
 - previous version:  constant pool [288] {0x00000229e1c3dc18} for 'Data/HashTable' (extra) cache=0x00000229e1c40000
 - generic signature: '
[error occurred during error reporting (inspecting top of stack), id 0xc0000005, EXCEPTION_ACCESS_VIOLATION (0xc0000005) at pc=0x00007ffcd185cad6]


---------------  P R O C E S S  ---------------

Threads class SMR info:
_java_thread_list=0x00000229e28614e0, length=15, elements={
0x00000229bf1dba00, 0x00000229e1559b80, 0x00000229e155c800, 0x00000229e1571760,
0x00000229e1572020, 0x00000229e15729d0, 0x00000229e157ec90, 0x00000229e157fa20,
0x00000229e15804c0, 0x00000229e1593680, 0x00000229e1544e40, 0x00000229e221a950,
0x00000229e217ee80, 0x00000229e21820a0, 0x00000229e281ca10
}

Java Threads: ( => current thread )
  0x00000229bf1dba00 JavaThread "main" [_thread_blocked, id=23404, stack(0x000000f37e300000,0x000000f37e400000)]
  0x00000229e1559b80 JavaThread "Reference Handler" daemon [_thread_blocked, id=22016, stack(0x000000f37ea00000,0x000000f37eb00000)]
  0x00000229e155c800 JavaThread "Finalizer" daemon [_thread_blocked, id=8560, stack(0x000000f37eb00000,0x000000f37ec00000)]
  0x00000229e1571760 JavaThread "Signal Dispatcher" daemon [_thread_blocked, id=7668, stack(0x000000f37ec00000,0x000000f37ed00000)]
  0x00000229e1572020 JavaThread "Attach Listener" daemon [_thread_blocked, id=3896, stack(0x000000f37ed00000,0x000000f37ee00000)]
  0x00000229e15729d0 JavaThread "Service Thread" daemon [_thread_blocked, id=21444, stack(0x000000f37ee00000,0x000000f37ef00000)]
  0x00000229e157ec90 JavaThread "Monitor Deflation Thread" daemon [_thread_blocked, id=25588, stack(0x000000f37ef00000,0x000000f37f000000)]
  0x00000229e157fa20 JavaThread "C2 CompilerThread0" daemon [_thread_blocked, id=16052, stack(0x000000f37f000000,0x000000f37f100000)]
  0x00000229e15804c0 JavaThread "C1 CompilerThread0" daemon [_thread_blocked, id=2128, stack(0x000000f37f100000,0x000000f37f200000)]
  0x00000229e1593680 JavaThread "Sweeper thread" daemon [_thread_blocked, id=23864, stack(0x000000f37f200000,0x000000f37f300000)]
  0x00000229e1544e40 JavaThread "Common-Cleaner" daemon [_thread_blocked, id=24540, stack(0x000000f37f300000,0x000000f37f400000)]
=>0x00000229e221a950 JavaThread "JDWP Transport Listener: dt_socket" daemon [_thread_in_vm, id=25524, stack(0x000000f37f400000,0x000000f37f500000)]
  0x00000229e217ee80 JavaThread "JDWP Event Helper Thread" daemon [_thread_blocked, id=16276, stack(0x000000f37f500000,0x000000f37f600000)]
  0x00000229e21820a0 JavaThread "JDWP Command Reader" daemon [_thread_in_native, id=25420, stack(0x000000f37f600000,0x000000f37f700000)]
  0x00000229e281ca10 JavaThread "Notification Thread" daemon [_thread_blocked, id=25432, stack(0x000000f37f700000,0x000000f37f800000)]

Other Threads:
  0x00000229e1556090 VMThread "VM Thread" [stack: 0x000000f37e900000,0x000000f37ea00000] [id=24000]
  0x00000229e22d51e0 WatcherThread [stack: 0x000000f37f800000,0x000000f37f900000] [id=13544]
  0x00000229bf227440 GCTaskThread "GC Thread#0" [stack: 0x000000f37e400000,0x000000f37e500000] [id=25404]
  0x00000229bf239940 ConcurrentGCThread "G1 Main Marker" [stack: 0x000000f37e500000,0x000000f37e600000] [id=17712]
  0x00000229bf23a250 ConcurrentGCThread "G1 Conc#0" [stack: 0x000000f37e600000,0x000000f37e700000] [id=9056]
  0x00000229bf2ad960 ConcurrentGCThread "G1 Refine#0" [stack: 0x000000f37e700000,0x000000f37e800000] [id=1556]
  0x00000229bf2ae280 ConcurrentGCThread "G1 Service" [stack: 0x000000f37e800000,0x000000f37e900000] [id=3256]

Threads with active compile tasks:

VM state: not at safepoint (normal execution)

VM Mutex/Monitor currently owned by a thread: None

Heap address: 0x0000000710e00000, size: 3826 MB, Compressed Oops mode: Zero based, Oop shift amount: 3

CDS archive(s) mapped at: [0x0000000800000000-0x0000000800bc0000-0x0000000800bc0000), size 12320768, SharedBaseAddress: 0x0000000800000000, ArchiveRelocationMode: 0.
Compressed class space mapped at: 0x0000000800c00000-0x0000000840c00000, reserved size: 1073741824
Narrow klass base: 0x0000000800000000, Narrow klass shift: 0, Narrow klass range: 0x100000000

GC Precious Log:
 CPUs: 8 total, 8 available
 Memory: 15297M
 Large Page Support: Disabled
 NUMA Support: Disabled
 Compressed Oops: Enabled (Zero based)
 Heap Region Size: 2M
 Heap Min Capacity: 8M
 Heap Initial Capacity: 240M
 Heap Max Capacity: 3826M
 Pre-touch: Disabled
 Parallel Workers: 8
 Concurrent Workers: 2
 Concurrent Refinement Workers: 8
 Periodic GC: Disabled

Heap:
 garbage-first heap   total 245760K, used 2048K [0x0000000710e00000, 0x0000000800000000)
  region size 2048K, 3 young (6144K), 0 survivors (0K)
 Metaspace       used 2699K, committed 2816K, reserved 1056768K
  class space    used 245K, committed 320K, reserved 1048576K

Heap Regions: E=young(eden), S=young(survivor), O=old, HS=humongous(starts), HC=humongous(continues), CS=collection set, F=free, OA=open archive, CA=closed archive, TAMS=top-at-mark-start (previous, next)
|   0|0x0000000710e00000, 0x0000000710e00000, 0x0000000711000000|  0%| F|  |TAMS 0x0000000710e00000, 0x0000000710e00000| Untracked 
|   1|0x0000000711000000, 0x0000000711000000, 0x0000000711200000|  0%| F|  |TAMS 0x0000000711000000, 0x0000000711000000| Untracked 
|   2|0x0000000711200000, 0x0000000711200000, 0x0000000711400000|  0%| F|  |TAMS 0x0000000711200000, 0x0000000711200000| Untracked 
|   3|0x0000000711400000, 0x0000000711400000, 0x0000000711600000|  0%| F|  |TAMS 0x0000000711400000, 0x0000000711400000| Untracked 
|   4|0x0000000711600000, 0x0000000711600000, 0x0000000711800000|  0%| F|  |TAMS 0x0000000711600000, 0x0000000711600000| Untracked 
|   5|0x0000000711800000, 0x0000000711800000, 0x0000000711a00000|  0%| F|  |TAMS 0x0000000711800000, 0x0000000711800000| Untracked 
|   6|0x0000000711a00000, 0x0000000711a00000, 0x0000000711c00000|  0%| F|  |TAMS 0x0000000711a00000, 0x0000000711a00000| Untracked 
|   7|0x0000000711c00000, 0x0000000711c00000, 0x0000000711e00000|  0%| F|  |TAMS 0x0000000711c00000, 0x0000000711c00000| Untracked 
|   8|0x0000000711e00000, 0x0000000711e00000, 0x0000000712000000|  0%| F|  |TAMS 0x0000000711e00000, 0x0000000711e00000| Untracked 
|   9|0x0000000712000000, 0x0000000712000000, 0x0000000712200000|  0%| F|  |TAMS 0x0000000712000000, 0x0000000712000000| Untracked 
|  10|0x0000000712200000, 0x0000000712200000, 0x0000000712400000|  0%| F|  |TAMS 0x0000000712200000, 0x0000000712200000| Untracked 
|  11|0x0000000712400000, 0x0000000712400000, 0x0000000712600000|  0%| F|  |TAMS 0x0000000712400000, 0x0000000712400000| Untracked 
|  12|0x0000000712600000, 0x0000000712600000, 0x0000000712800000|  0%| F|  |TAMS 0x0000000712600000, 0x0000000712600000| Untracked 
|  13|0x0000000712800000, 0x0000000712800000, 0x0000000712a00000|  0%| F|  |TAMS 0x0000000712800000, 0x0000000712800000| Untracked 
|  14|0x0000000712a00000, 0x0000000712a00000, 0x0000000712c00000|  0%| F|  |TAMS 0x0000000712a00000, 0x0000000712a00000| Untracked 
|  15|0x0000000712c00000, 0x0000000712c00000, 0x0000000712e00000|  0%| F|  |TAMS 0x0000000712c00000, 0x0000000712c00000| Untracked 
|  16|0x0000000712e00000, 0x0000000712e00000, 0x0000000713000000|  0%| F|  |TAMS 0x0000000712e00000, 0x0000000712e00000| Untracked 
|  17|0x0000000713000000, 0x0000000713000000, 0x0000000713200000|  0%| F|  |TAMS 0x0000000713000000, 0x0000000713000000| Untracked 
|  18|0x0000000713200000, 0x0000000713200000, 0x0000000713400000|  0%| F|  |TAMS 0x0000000713200000, 0x0000000713200000| Untracked 
|  19|0x0000000713400000, 0x0000000713400000, 0x0000000713600000|  0%| F|  |TAMS 0x0000000713400000, 0x0000000713400000| Untracked 
|  20|0x0000000713600000, 0x0000000713600000, 0x0000000713800000|  0%| F|  |TAMS 0x0000000713600000, 0x0000000713600000| Untracked 
|  21|0x0000000713800000, 0x0000000713800000, 0x0000000713a00000|  0%| F|  |TAMS 0x0000000713800000, 0x0000000713800000| Untracked 
|  22|0x0000000713a00000, 0x0000000713a00000, 0x0000000713c00000|  0%| F|  |TAMS 0x0000000713a00000, 0x0000000713a00000| Untracked 
|  23|0x0000000713c00000, 0x0000000713c00000, 0x0000000713e00000|  0%| F|  |TAMS 0x0000000713c00000, 0x0000000713c00000| Untracked 
|  24|0x0000000713e00000, 0x0000000713e00000, 0x0000000714000000|  0%| F|  |TAMS 0x0000000713e00000, 0x0000000713e00000| Untracked 
|  25|0x0000000714000000, 0x0000000714000000, 0x0000000714200000|  0%| F|  |TAMS 0x0000000714000000, 0x0000000714000000| Untracked 
|  26|0x0000000714200000, 0x0000000714200000, 0x0000000714400000|  0%| F|  |TAMS 0x0000000714200000, 0x0000000714200000| Untracked 
|  27|0x0000000714400000, 0x0000000714400000, 0x0000000714600000|  0%| F|  |TAMS 0x0000000714400000, 0x0000000714400000| Untracked 
|  28|0x0000000714600000, 0x0000000714600000, 0x0000000714800000|  0%| F|  |TAMS 0x0000000714600000, 0x0000000714600000| Untracked 
|  29|0x0000000714800000, 0x0000000714800000, 0x0000000714a00000|  0%| F|  |TAMS 0x0000000714800000, 0x0000000714800000| Untracked 
|  30|0x0000000714a00000, 0x0000000714a00000, 0x0000000714c00000|  0%| F|  |TAMS 0x0000000714a00000, 0x0000000714a00000| Untracked 
|  31|0x0000000714c00000, 0x0000000714c00000, 0x0000000714e00000|  0%| F|  |TAMS 0x0000000714c00000, 0x0000000714c00000| Untracked 
|  32|0x0000000714e00000, 0x0000000714e00000, 0x0000000715000000|  0%| F|  |TAMS 0x0000000714e00000, 0x0000000714e00000| Untracked 
|  33|0x0000000715000000, 0x0000000715000000, 0x0000000715200000|  0%| F|  |TAMS 0x0000000715000000, 0x0000000715000000| Untracked 
|  34|0x0000000715200000, 0x0000000715200000, 0x0000000715400000|  0%| F|  |TAMS 0x0000000715200000, 0x0000000715200000| Untracked 
|  35|0x0000000715400000, 0x0000000715400000, 0x0000000715600000|  0%| F|  |TAMS 0x0000000715400000, 0x0000000715400000| Untracked 
|  36|0x0000000715600000, 0x0000000715600000, 0x0000000715800000|  0%| F|  |TAMS 0x0000000715600000, 0x0000000715600000| Untracked 
|  37|0x0000000715800000, 0x0000000715800000, 0x0000000715a00000|  0%| F|  |TAMS 0x0000000715800000, 0x0000000715800000| Untracked 
|  38|0x0000000715a00000, 0x0000000715a00000, 0x0000000715c00000|  0%| F|  |TAMS 0x0000000715a00000, 0x0000000715a00000| Untracked 
|  39|0x0000000715c00000, 0x0000000715c00000, 0x0000000715e00000|  0%| F|  |TAMS 0x0000000715c00000, 0x0000000715c00000| Untracked 
|  40|0x0000000715e00000, 0x0000000715e00000, 0x0000000716000000|  0%| F|  |TAMS 0x0000000715e00000, 0x0000000715e00000| Untracked 
|  41|0x0000000716000000, 0x0000000716000000, 0x0000000716200000|  0%| F|  |TAMS 0x0000000716000000, 0x0000000716000000| Untracked 
|  42|0x0000000716200000, 0x0000000716200000, 0x0000000716400000|  0%| F|  |TAMS 0x0000000716200000, 0x0000000716200000| Untracked 
|  43|0x0000000716400000, 0x0000000716400000, 0x0000000716600000|  0%| F|  |TAMS 0x0000000716400000, 0x0000000716400000| Untracked 
|  44|0x0000000716600000, 0x0000000716600000, 0x0000000716800000|  0%| F|  |TAMS 0x0000000716600000, 0x0000000716600000| Untracked 
|  45|0x0000000716800000, 0x0000000716800000, 0x0000000716a00000|  0%| F|  |TAMS 0x0000000716800000, 0x0000000716800000| Untracked 
|  46|0x0000000716a00000, 0x0000000716a00000, 0x0000000716c00000|  0%| F|  |TAMS 0x0000000716a00000, 0x0000000716a00000| Untracked 
|  47|0x0000000716c00000, 0x0000000716c00000, 0x0000000716e00000|  0%| F|  |TAMS 0x0000000716c00000, 0x0000000716c00000| Untracked 
|  48|0x0000000716e00000, 0x0000000716e00000, 0x0000000717000000|  0%| F|  |TAMS 0x0000000716e00000, 0x0000000716e00000| Untracked 
|  49|0x0000000717000000, 0x0000000717000000, 0x0000000717200000|  0%| F|  |TAMS 0x0000000717000000, 0x0000000717000000| Untracked 
|  50|0x0000000717200000, 0x0000000717200000, 0x0000000717400000|  0%| F|  |TAMS 0x0000000717200000, 0x0000000717200000| Untracked 
|  51|0x0000000717400000, 0x0000000717400000, 0x0000000717600000|  0%| F|  |TAMS 0x0000000717400000, 0x0000000717400000| Untracked 
|  52|0x0000000717600000, 0x0000000717600000, 0x0000000717800000|  0%| F|  |TAMS 0x0000000717600000, 0x0000000717600000| Untracked 
|  53|0x0000000717800000, 0x0000000717800000, 0x0000000717a00000|  0%| F|  |TAMS 0x0000000717800000, 0x0000000717800000| Untracked 
|  54|0x0000000717a00000, 0x0000000717a00000, 0x0000000717c00000|  0%| F|  |TAMS 0x0000000717a00000, 0x0000000717a00000| Untracked 
|  55|0x0000000717c00000, 0x0000000717c00000, 0x0000000717e00000|  0%| F|  |TAMS 0x0000000717c00000, 0x0000000717c00000| Untracked 
|  56|0x0000000717e00000, 0x0000000717e00000, 0x0000000718000000|  0%| F|  |TAMS 0x0000000717e00000, 0x0000000717e00000| Untracked 
|  57|0x0000000718000000, 0x0000000718000000, 0x0000000718200000|  0%| F|  |TAMS 0x0000000718000000, 0x0000000718000000| Untracked 
|  58|0x0000000718200000, 0x0000000718200000, 0x0000000718400000|  0%| F|  |TAMS 0x0000000718200000, 0x0000000718200000| Untracked 
|  59|0x0000000718400000, 0x0000000718400000, 0x0000000718600000|  0%| F|  |TAMS 0x0000000718400000, 0x0000000718400000| Untracked 
|  60|0x0000000718600000, 0x0000000718600000, 0x0000000718800000|  0%| F|  |TAMS 0x0000000718600000, 0x0000000718600000| Untracked 
|  61|0x0000000718800000, 0x0000000718800000, 0x0000000718a00000|  0%| F|  |TAMS 0x0000000718800000, 0x0000000718800000| Untracked 
|  62|0x0000000718a00000, 0x0000000718a00000, 0x0000000718c00000|  0%| F|  |TAMS 0x0000000718a00000, 0x0000000718a00000| Untracked 
|  63|0x0000000718c00000, 0x0000000718c00000, 0x0000000718e00000|  0%| F|  |TAMS 0x0000000718c00000, 0x0000000718c00000| Untracked 
|  64|0x0000000718e00000, 0x0000000718e00000, 0x0000000719000000|  0%| F|  |TAMS 0x0000000718e00000, 0x0000000718e00000| Untracked 
|  65|0x0000000719000000, 0x0000000719000000, 0x0000000719200000|  0%| F|  |TAMS 0x0000000719000000, 0x0000000719000000| Untracked 
|  66|0x0000000719200000, 0x0000000719200000, 0x0000000719400000|  0%| F|  |TAMS 0x0000000719200000, 0x0000000719200000| Untracked 
|  67|0x0000000719400000, 0x0000000719400000, 0x0000000719600000|  0%| F|  |TAMS 0x0000000719400000, 0x0000000719400000| Untracked 
|  68|0x0000000719600000, 0x0000000719600000, 0x0000000719800000|  0%| F|  |TAMS 0x0000000719600000, 0x0000000719600000| Untracked 
|  69|0x0000000719800000, 0x0000000719800000, 0x0000000719a00000|  0%| F|  |TAMS 0x0000000719800000, 0x0000000719800000| Untracked 
|  70|0x0000000719a00000, 0x0000000719a00000, 0x0000000719c00000|  0%| F|  |TAMS 0x0000000719a00000, 0x0000000719a00000| Untracked 
|  71|0x0000000719c00000, 0x0000000719c00000, 0x0000000719e00000|  0%| F|  |TAMS 0x0000000719c00000, 0x0000000719c00000| Untracked 
|  72|0x0000000719e00000, 0x0000000719e00000, 0x000000071a000000|  0%| F|  |TAMS 0x0000000719e00000, 0x0000000719e00000| Untracked 
|  73|0x000000071a000000, 0x000000071a000000, 0x000000071a200000|  0%| F|  |TAMS 0x000000071a000000, 0x000000071a000000| Untracked 
|  74|0x000000071a200000, 0x000000071a200000, 0x000000071a400000|  0%| F|  |TAMS 0x000000071a200000, 0x000000071a200000| Untracked 
|  75|0x000000071a400000, 0x000000071a400000, 0x000000071a600000|  0%| F|  |TAMS 0x000000071a400000, 0x000000071a400000| Untracked 
|  76|0x000000071a600000, 0x000000071a600000, 0x000000071a800000|  0%| F|  |TAMS 0x000000071a600000, 0x000000071a600000| Untracked 
|  77|0x000000071a800000, 0x000000071a800000, 0x000000071aa00000|  0%| F|  |TAMS 0x000000071a800000, 0x000000071a800000| Untracked 
|  78|0x000000071aa00000, 0x000000071aa00000, 0x000000071ac00000|  0%| F|  |TAMS 0x000000071aa00000, 0x000000071aa00000| Untracked 
|  79|0x000000071ac00000, 0x000000071ac00000, 0x000000071ae00000|  0%| F|  |TAMS 0x000000071ac00000, 0x000000071ac00000| Untracked 
|  80|0x000000071ae00000, 0x000000071ae00000, 0x000000071b000000|  0%| F|  |TAMS 0x000000071ae00000, 0x000000071ae00000| Untracked 
|  81|0x000000071b000000, 0x000000071b000000, 0x000000071b200000|  0%| F|  |TAMS 0x000000071b000000, 0x000000071b000000| Untracked 
|  82|0x000000071b200000, 0x000000071b200000, 0x000000071b400000|  0%| F|  |TAMS 0x000000071b200000, 0x000000071b200000| Untracked 
|  83|0x000000071b400000, 0x000000071b400000, 0x000000071b600000|  0%| F|  |TAMS 0x000000071b400000, 0x000000071b400000| Untracked 
|  84|0x000000071b600000, 0x000000071b600000, 0x000000071b800000|  0%| F|  |TAMS 0x000000071b600000, 0x000000071b600000| Untracked 
|  85|0x000000071b800000, 0x000000071b800000, 0x000000071ba00000|  0%| F|  |TAMS 0x000000071b800000, 0x000000071b800000| Untracked 
|  86|0x000000071ba00000, 0x000000071ba00000, 0x000000071bc00000|  0%| F|  |TAMS 0x000000071ba00000, 0x000000071ba00000| Untracked 
|  87|0x000000071bc00000, 0x000000071bc00000, 0x000000071be00000|  0%| F|  |TAMS 0x000000071bc00000, 0x000000071bc00000| Untracked 
|  88|0x000000071be00000, 0x000000071be00000, 0x000000071c000000|  0%| F|  |TAMS 0x000000071be00000, 0x000000071be00000| Untracked 
|  89|0x000000071c000000, 0x000000071c000000, 0x000000071c200000|  0%| F|  |TAMS 0x000000071c000000, 0x000000071c000000| Untracked 
|  90|0x000000071c200000, 0x000000071c200000, 0x000000071c400000|  0%| F|  |TAMS 0x000000071c200000, 0x000000071c200000| Untracked 
|  91|0x000000071c400000, 0x000000071c400000, 0x000000071c600000|  0%| F|  |TAMS 0x000000071c400000, 0x000000071c400000| Untracked 
|  92|0x000000071c600000, 0x000000071c600000, 0x000000071c800000|  0%| F|  |TAMS 0x000000071c600000, 0x000000071c600000| Untracked 
|  93|0x000000071c800000, 0x000000071c800000, 0x000000071ca00000|  0%| F|  |TAMS 0x000000071c800000, 0x000000071c800000| Untracked 
|  94|0x000000071ca00000, 0x000000071ca00000, 0x000000071cc00000|  0%| F|  |TAMS 0x000000071ca00000, 0x000000071ca00000| Untracked 
|  95|0x000000071cc00000, 0x000000071cc00000, 0x000000071ce00000|  0%| F|  |TAMS 0x000000071cc00000, 0x000000071cc00000| Untracked 
|  96|0x000000071ce00000, 0x000000071ce00000, 0x000000071d000000|  0%| F|  |TAMS 0x000000071ce00000, 0x000000071ce00000| Untracked 
|  97|0x000000071d000000, 0x000000071d000000, 0x000000071d200000|  0%| F|  |TAMS 0x000000071d000000, 0x000000071d000000| Untracked 
|  98|0x000000071d200000, 0x000000071d200000, 0x000000071d400000|  0%| F|  |TAMS 0x000000071d200000, 0x000000071d200000| Untracked 
|  99|0x000000071d400000, 0x000000071d400000, 0x000000071d600000|  0%| F|  |TAMS 0x000000071d400000, 0x000000071d400000| Untracked 
| 100|0x000000071d600000, 0x000000071d600000, 0x000000071d800000|  0%| F|  |TAMS 0x000000071d600000, 0x000000071d600000| Untracked 
| 101|0x000000071d800000, 0x000000071d800000, 0x000000071da00000|  0%| F|  |TAMS 0x000000071d800000, 0x000000071d800000| Untracked 
| 102|0x000000071da00000, 0x000000071da00000, 0x000000071dc00000|  0%| F|  |TAMS 0x000000071da00000, 0x000000071da00000| Untracked 
| 103|0x000000071dc00000, 0x000000071dc00000, 0x000000071de00000|  0%| F|  |TAMS 0x000000071dc00000, 0x000000071dc00000| Untracked 
| 104|0x000000071de00000, 0x000000071de00000, 0x000000071e000000|  0%| F|  |TAMS 0x000000071de00000, 0x000000071de00000| Untracked 
| 105|0x000000071e000000, 0x000000071e000000, 0x000000071e200000|  0%| F|  |TAMS 0x000000071e000000, 0x000000071e000000| Untracked 
| 106|0x000000071e200000, 0x000000071e200000, 0x000000071e400000|  0%| F|  |TAMS 0x000000071e200000, 0x000000071e200000| Untracked 
| 107|0x000000071e400000, 0x000000071e400000, 0x000000071e600000|  0%| F|  |TAMS 0x000000071e400000, 0x000000071e400000| Untracked 
| 108|0x000000071e600000, 0x000000071e600000, 0x000000071e800000|  0%| F|  |TAMS 0x000000071e600000, 0x000000071e600000| Untracked 
| 109|0x000000071e800000, 0x000000071e800000, 0x000000071ea00000|  0%| F|  |TAMS 0x000000071e800000, 0x000000071e800000| Untracked 
| 110|0x000000071ea00000, 0x000000071ea00000, 0x000000071ec00000|  0%| F|  |TAMS 0x000000071ea00000, 0x000000071ea00000| Untracked 
| 111|0x000000071ec00000, 0x000000071ec00000, 0x000000071ee00000|  0%| F|  |TAMS 0x000000071ec00000, 0x000000071ec00000| Untracked 
| 112|0x000000071ee00000, 0x000000071ee00000, 0x000000071f000000|  0%| F|  |TAMS 0x000000071ee00000, 0x000000071ee00000| Untracked 
| 113|0x000000071f000000, 0x000000071f000000, 0x000000071f200000|  0%| F|  |TAMS 0x000000071f000000, 0x000000071f000000| Untracked 
| 114|0x000000071f200000, 0x000000071f200000, 0x000000071f400000|  0%| F|  |TAMS 0x000000071f200000, 0x000000071f200000| Untracked 
| 115|0x000000071f400000, 0x000000071f400000, 0x000000071f600000|  0%| F|  |TAMS 0x000000071f400000, 0x000000071f400000| Untracked 
| 116|0x000000071f600000, 0x000000071f600000, 0x000000071f800000|  0%| F|  |TAMS 0x000000071f600000, 0x000000071f600000| Untracked 
| 117|0x000000071f800000, 0x000000071f967b48, 0x000000071fa00000| 70%| E|  |TAMS 0x000000071f800000, 0x000000071f800000| Complete 
| 118|0x000000071fa00000, 0x000000071fc00000, 0x000000071fc00000|100%| E|  |TAMS 0x000000071fa00000, 0x000000071fa00000| Complete 
| 119|0x000000071fc00000, 0x000000071fe00000, 0x000000071fe00000|100%| E|CS|TAMS 0x000000071fc00000, 0x000000071fc00000| Complete 

Card table byte_map: [0x00000229d6490000,0x00000229d6c10000] _byte_map_base: 0x00000229d2c09000

Marking Bits (Prev, Next): (CMBitMap*) 0x00000229bf229960, (CMBitMap*) 0x00000229bf2299a0
 Prev Bits: [0x00000229d7390000, 0x00000229daf58000)
 Next Bits: [0x00000229daf60000, 0x00000229deb28000)

Polling page: 0x00000229bd1a0000

Metaspace:

Usage:
  Non-class:      2.40 MB used.
      Class:    245.19 KB used.
       Both:      2.64 MB used.

Virtual space:
  Non-class space:        8.00 MB reserved,       2.44 MB ( 30%) committed,  1 nodes.
      Class space:        1.00 GB reserved,     320.00 KB ( <1%) committed,  1 nodes.
             Both:        1.01 GB reserved,       2.75 MB ( <1%) committed. 

Chunk freelists:
   Non-Class:  3.72 MB
       Class:  3.72 MB
        Both:  7.44 MB

MaxMetaspaceSize: unlimited
CompressedClassSpaceSize: 1.00 GB
Initial GC threshold: 21.00 MB
Current GC threshold: 21.00 MB
CDS: on
MetaspaceReclaimPolicy: balanced
 - commit_granule_bytes: 65536.
 - commit_granule_words: 8192.
 - virtual_space_node_default_size: 1048576.
 - enlarge_chunks_in_place: 1.
 - new_chunks_are_fully_committed: 0.
 - uncommit_free_chunks: 1.
 - use_allocation_guard: 0.
 - handle_deallocations: 1.


Internal statistics:

num_allocs_failed_limit: 0.
num_arena_births: 8.
num_arena_deaths: 0.
num_vsnodes_births: 2.
num_vsnodes_deaths: 0.
num_space_committed: 44.
num_space_uncommitted: 0.
num_chunks_returned_to_freelist: 0.
num_chunks_taken_from_freelist: 28.
num_chunk_merges: 0.
num_chunk_splits: 16.
num_chunks_enlarged: 11.
num_purges: 0.
num_inconsistent_stats: 0.

CodeHeap 'non-profiled nmethods': size=120000Kb used=125Kb max_used=125Kb free=119874Kb
 bounds [0x00000229ce4b0000, 0x00000229ce720000, 0x00000229d59e0000]
CodeHeap 'profiled nmethods': size=120000Kb used=584Kb max_used=584Kb free=119415Kb
 bounds [0x00000229c6f80000, 0x00000229c71f0000, 0x00000229ce4b0000]
CodeHeap 'non-nmethods': size=5760Kb used=1194Kb max_used=1212Kb free=4565Kb
 bounds [0x00000229c69e0000, 0x00000229c6c50000, 0x00000229c6f80000]
 total_blobs=794 nmethods=384 adapters=323
 compilation: enabled
              stopped_count=0, restarted_count=0
 full_count=0

Compilation events (20 events):
Event: 0.436 Thread 0x00000229e15804c0  375       3       org.eclipse.jdt.launching.internal.org.objectweb.asm.ClassReader::readUtf (161 bytes)
Event: 0.436 Thread 0x00000229e23fdf60  380       4       org.eclipse.jdt.launching.internal.org.objectweb.asm.ClassReader::readUnsignedShort (26 bytes)
Event: 0.436 Thread 0x00000229e15804c0 nmethod 375 0x00000229c700ed10 code [0x00000229c700eee0, 0x00000229c700f3a8]
Event: 0.436 Thread 0x00000229e15804c0  377       3       org.eclipse.jdt.launching.internal.org.objectweb.asm.Symbol::<init> (38 bytes)
Event: 0.436 Thread 0x00000229e15804c0 nmethod 377 0x00000229c700f690 code [0x00000229c700f840, 0x00000229c700faf8]
Event: 0.436 Thread 0x00000229e15804c0  378       3       org.eclipse.jdt.launching.internal.org.objectweb.asm.SymbolTable::add (39 bytes)
Event: 0.437 Thread 0x00000229e15804c0 nmethod 378 0x00000229c700fc10 code [0x00000229c700fdc0, 0x00000229c7010138]
Event: 0.437 Thread 0x00000229e15804c0  376       3       org.eclipse.jdt.launching.internal.org.objectweb.asm.SymbolTable$Entry::<init> (17 bytes)
Event: 0.437 Thread 0x00000229e15804c0 nmethod 376 0x00000229c7010290 code [0x00000229c7010440, 0x00000229c70105e8]
Event: 0.437 Thread 0x00000229e15804c0  379       3       java.lang.String::<init> (74 bytes)
Event: 0.437 Thread 0x00000229e23fdf60 nmethod 380 0x00000229ce4cf410 code [0x00000229ce4cf580, 0x00000229ce4cf698]
Event: 0.437 Thread 0x00000229e15804c0 nmethod 379 0x00000229c7010690 code [0x00000229c7010860, 0x00000229c7010c98]
Event: 0.437 Thread 0x00000229e15804c0  381       3       java.lang.String::rangeCheck (9 bytes)
Event: 0.437 Thread 0x00000229e15804c0 nmethod 381 0x00000229c7010d90 code [0x00000229c7010f40, 0x00000229c7011088]
Event: 210.183 Thread 0x00000229e15804c0  382       3       java.lang.String::<init> (14 bytes)
Event: 210.183 Thread 0x00000229e15804c0 nmethod 382 0x00000229c7011190 code [0x00000229c7011340, 0x00000229c7011558]
Event: 210.183 Thread 0x00000229e15804c0  383       3       org.eclipse.jdt.launching.internal.org.objectweb.asm.SymbolTable::addConstantUtf8 (20 bytes)
Event: 210.183 Thread 0x00000229e15804c0 nmethod 383 0x00000229c7011690 code [0x00000229c7011860, 0x00000229c7011b28]
Event: 210.183 Thread 0x00000229e15804c0  384       3       org.eclipse.jdt.launching.internal.org.objectweb.asm.ByteVector::putShort (52 bytes)
Event: 210.183 Thread 0x00000229e15804c0 nmethod 384 0x00000229c7011c90 code [0x00000229c7011e40, 0x00000229c7012068]

GC Heap History (0 events):
No events

Deoptimization events (20 events):
Event: 0.368 Thread 0x00000229bf1dba00 Uncommon trap: trap_request=0xffffff45 fr.pc=0x00000229ce4c1478 relative=0x00000000000000d8
Event: 0.368 Thread 0x00000229bf1dba00 Uncommon trap: reason=unstable_if action=reinterpret pc=0x00000229ce4c1478 method=java.lang.String.isLatin1()Z @ 10 c2
Event: 0.368 Thread 0x00000229bf1dba00 DEOPT PACKING pc=0x00000229ce4c1478 sp=0x000000f37e3ff060
Event: 0.368 Thread 0x00000229bf1dba00 DEOPT UNPACKING pc=0x00000229c6a323a3 sp=0x000000f37e3fefb0 mode 2
Event: 0.398 Thread 0x00000229bf1dba00 DEOPT PACKING pc=0x00000229c6fed3fc sp=0x000000f37e3f8340
Event: 0.398 Thread 0x00000229bf1dba00 DEOPT UNPACKING pc=0x00000229c6a32b43 sp=0x000000f37e3f77a8 mode 0
Event: 0.398 Thread 0x00000229bf1dba00 DEOPT PACKING pc=0x00000229c6fed3fc sp=0x000000f37e3f8340
Event: 0.398 Thread 0x00000229bf1dba00 DEOPT UNPACKING pc=0x00000229c6a32b43 sp=0x000000f37e3f77a8 mode 0
Event: 0.398 Thread 0x00000229bf1dba00 DEOPT PACKING pc=0x00000229c6fed3fc sp=0x000000f37e3f8340
Event: 0.398 Thread 0x00000229bf1dba00 DEOPT UNPACKING pc=0x00000229c6a32b43 sp=0x000000f37e3f77a8 mode 0
Event: 0.403 Thread 0x00000229bf1dba00 DEOPT PACKING pc=0x00000229c6fed3fc sp=0x000000f37e3fbd90
Event: 0.403 Thread 0x00000229bf1dba00 DEOPT UNPACKING pc=0x00000229c6a32b43 sp=0x000000f37e3fb1f8 mode 0
Event: 0.403 Thread 0x00000229bf1dba00 DEOPT PACKING pc=0x00000229c6fed3fc sp=0x000000f37e3fbd90
Event: 0.403 Thread 0x00000229bf1dba00 DEOPT UNPACKING pc=0x00000229c6a32b43 sp=0x000000f37e3fb1f8 mode 0
Event: 0.406 Thread 0x00000229bf1dba00 DEOPT PACKING pc=0x00000229c6fed3fc sp=0x000000f37e3f82c0
Event: 0.406 Thread 0x00000229bf1dba00 DEOPT UNPACKING pc=0x00000229c6a32b43 sp=0x000000f37e3f7728 mode 0
Event: 0.423 Thread 0x00000229bf1dba00 DEOPT PACKING pc=0x00000229c6fed3fc sp=0x000000f37e3f7f30
Event: 0.423 Thread 0x00000229bf1dba00 DEOPT UNPACKING pc=0x00000229c6a32b43 sp=0x000000f37e3f7398 mode 0
Event: 0.423 Thread 0x00000229bf1dba00 DEOPT PACKING pc=0x00000229c6fed3fc sp=0x000000f37e3f7f30
Event: 0.423 Thread 0x00000229bf1dba00 DEOPT UNPACKING pc=0x00000229c6a32b43 sp=0x000000f37e3f7398 mode 0

Classes unloaded (0 events):
No events

Classes redefined (1 events):
Event: 210.185 Thread 0x00000229e1556090 redefined class name=Data.HashTable, count=1

Internal exceptions (0 events):
No events

VM Operations (20 events):
Event: 22.153 Executing VM operation: get/set locals
Event: 22.153 Executing VM operation: get/set locals done
Event: 22.153 Executing VM operation: get/set locals
Event: 22.154 Executing VM operation: get/set locals done
Event: 22.154 Executing VM operation: get/set locals
Event: 22.154 Executing VM operation: get/set locals done
Event: 22.154 Executing VM operation: get/set locals
Event: 22.154 Executing VM operation: get/set locals done
Event: 22.154 Executing VM operation: get/set locals
Event: 22.155 Executing VM operation: get/set locals done
Event: 22.155 Executing VM operation: get/set locals
Event: 22.155 Executing VM operation: get/set locals done
Event: 22.156 Executing VM operation: get/set locals
Event: 22.156 Executing VM operation: get/set locals done
Event: 22.156 Executing VM operation: get/set locals
Event: 22.156 Executing VM operation: get/set locals done
Event: 22.156 Executing VM operation: get/set locals
Event: 22.156 Executing VM operation: get/set locals done
Event: 210.185 Executing VM operation: RedefineClasses
Event: 210.187 Executing VM operation: RedefineClasses done

Events (20 events):
Event: 0.388 loading class jdk/internal/reflect/UTF8 done
Event: 0.388 loading class jdk/internal/reflect/Label
Event: 0.388 loading class jdk/internal/reflect/Label done
Event: 0.389 loading class jdk/internal/reflect/Label$PatchInfo
Event: 0.389 loading class jdk/internal/reflect/Label$PatchInfo done
Event: 0.389 loading class jdk/internal/reflect/MethodAccessorGenerator$1
Event: 0.389 loading class jdk/internal/reflect/MethodAccessorGenerator$1 done
Event: 0.389 loading class jdk/internal/reflect/ClassDefiner
Event: 0.389 loading class jdk/internal/reflect/ClassDefiner done
Event: 0.389 loading class jdk/internal/reflect/ClassDefiner$1
Event: 0.389 loading class jdk/internal/reflect/ClassDefiner$1 done
Event: 0.389 loading class jdk/internal/reflect/BootstrapConstructorAccessorImpl
Event: 0.389 loading class jdk/internal/reflect/BootstrapConstructorAccessorImpl done
Event: 0.424 loading class java/lang/IllegalStateException
Event: 0.424 loading class java/lang/IllegalStateException done
Event: 0.426 loading class java/lang/NumberFormatException
Event: 0.426 loading class java/lang/NumberFormatException done
Event: 0.435 loading class java/lang/InterruptedException
Event: 0.435 loading class java/lang/InterruptedException done
Event: 5.450 Thread 0x00000229e23fdf60 Thread exited: 0x00000229e23fdf60


Dynamic libraries:
0x00007ff7de4f0000 - 0x00007ff7de500000 	D:\Archivos de Programa\Java\bin\javaw.exe
0x00007ffd77460000 - 0x00007ffd77669000 	C:\Windows\SYSTEM32\ntdll.dll
0x00007ffd75c30000 - 0x00007ffd75ced000 	C:\Windows\System32\KERNEL32.DLL
0x00007ffd74980000 - 0x00007ffd74cf4000 	C:\Windows\System32\KERNELBASE.dll
0x00007ffd719e0000 - 0x00007ffd71a71000 	C:\Windows\SYSTEM32\apphelp.dll
0x00007ffd751e0000 - 0x00007ffd752f1000 	C:\Windows\System32\ucrtbase.dll
0x00007ffd65950000 - 0x00007ffd65968000 	D:\Archivos de Programa\Java\bin\jli.dll
0x00007ffd65040000 - 0x00007ffd6505a000 	D:\Archivos de Programa\Java\bin\VCRUNTIME140.dll
0x00007ffd77150000 - 0x00007ffd771fe000 	C:\Windows\System32\ADVAPI32.dll
0x00007ffd76b00000 - 0x00007ffd76ba3000 	C:\Windows\System32\msvcrt.dll
0x00007ffd77290000 - 0x00007ffd7732e000 	C:\Windows\System32\sechost.dll
0x00007ffd76bb0000 - 0x00007ffd76cd0000 	C:\Windows\System32\RPCRT4.dll
0x00007ffd75cf0000 - 0x00007ffd75e9c000 	C:\Windows\System32\USER32.dll
0x00007ffd74950000 - 0x00007ffd74976000 	C:\Windows\System32\win32u.dll
0x00007ffd75790000 - 0x00007ffd757b9000 	C:\Windows\System32\GDI32.dll
0x00007ffd750c0000 - 0x00007ffd751d2000 	C:\Windows\System32\gdi32full.dll
0x00007ffd74d00000 - 0x00007ffd74d9d000 	C:\Windows\System32\msvcp_win.dll
0x00007ffd694a0000 - 0x00007ffd69745000 	C:\Windows\WinSxS\amd64_microsoft.windows.common-controls_6595b64144ccf1df_6.0.22000.120_none_9d947278b86cc467\COMCTL32.dll
0x00007ffd6b920000 - 0x00007ffd6b92a000 	C:\Windows\SYSTEM32\VERSION.dll
0x00007ffd75eb0000 - 0x00007ffd75ee1000 	C:\Windows\System32\IMM32.DLL
0x00007ffd6cbe0000 - 0x00007ffd6cbec000 	D:\Archivos de Programa\Java\bin\vcruntime140_1.dll
0x00007ffd64fb0000 - 0x00007ffd6503d000 	D:\Archivos de Programa\Java\bin\msvcp140.dll
0x00007ffcd1120000 - 0x00007ffcd1cde000 	D:\Archivos de Programa\Java\bin\server\jvm.dll
0x00007ffd77330000 - 0x00007ffd77338000 	C:\Windows\System32\PSAPI.DLL
0x00007ffd503e0000 - 0x00007ffd503e9000 	C:\Windows\SYSTEM32\WSOCK32.dll
0x00007ffd70a80000 - 0x00007ffd70ab3000 	C:\Windows\SYSTEM32\WINMM.dll
0x00007ffd753a0000 - 0x00007ffd7540f000 	C:\Windows\System32\WS2_32.dll
0x00007ffd73a50000 - 0x00007ffd73a68000 	C:\Windows\SYSTEM32\kernel.appcore.dll
0x00007ffd6bb10000 - 0x00007ffd6bb1a000 	D:\Archivos de Programa\Java\bin\jimage.dll
0x00007ffd72700000 - 0x00007ffd72921000 	C:\Windows\SYSTEM32\DBGHELP.DLL
0x00007ffd6c230000 - 0x00007ffd6c261000 	C:\Windows\SYSTEM32\dbgcore.DLL
0x00007ffd74da0000 - 0x00007ffd74e1f000 	C:\Windows\System32\bcryptPrimitives.dll
0x00007ffd6aac0000 - 0x00007ffd6aafb000 	D:\Archivos de Programa\Java\bin\jdwp.dll
0x00007ffd6fea0000 - 0x00007ffd6feae000 	D:\Archivos de Programa\Java\bin\instrument.dll
0x00007ffd64f70000 - 0x00007ffd64f95000 	D:\Archivos de Programa\Java\bin\java.dll
0x00007ffd49790000 - 0x00007ffd49866000 	D:\Archivos de Programa\Java\bin\svml.dll
0x00007ffd75f70000 - 0x00007ffd7671f000 	C:\Windows\System32\SHELL32.dll
0x00007ffd72ac0000 - 0x00007ffd73328000 	C:\Windows\SYSTEM32\windows.storage.dll
0x00007ffd75410000 - 0x00007ffd75788000 	C:\Windows\System32\combase.dll
0x00007ffd72950000 - 0x00007ffd72ab6000 	C:\Windows\SYSTEM32\wintypes.dll
0x00007ffd77050000 - 0x00007ffd7713a000 	C:\Windows\System32\SHCORE.dll
0x00007ffd76cd0000 - 0x00007ffd76d2d000 	C:\Windows\System32\shlwapi.dll
0x00007ffd74880000 - 0x00007ffd748a1000 	C:\Windows\SYSTEM32\profapi.dll
0x00007ffd6f320000 - 0x00007ffd6f32c000 	D:\Archivos de Programa\Java\bin\dt_socket.dll
0x00007ffd73580000 - 0x00007ffd735ad000 	C:\Windows\SYSTEM32\IPHLPAPI.DLL
0x00007ffd73e80000 - 0x00007ffd73ee7000 	C:\Windows\system32\mswsock.dll
0x00007ffd735f0000 - 0x00007ffd736d8000 	C:\Windows\SYSTEM32\DNSAPI.dll
0x00007ffd769e0000 - 0x00007ffd769e9000 	C:\Windows\System32\NSI.dll
0x00007ffd6beb0000 - 0x00007ffd6beba000 	C:\Windows\System32\rasadhlp.dll
0x00007ffd6cb00000 - 0x00007ffd6cb81000 	C:\Windows\System32\fwpuclnt.dll
0x00007ffd586f0000 - 0x00007ffd58708000 	D:\Archivos de Programa\Java\bin\zip.dll
0x00007ffd6abd0000 - 0x00007ffd6abe9000 	D:\Archivos de Programa\Java\bin\net.dll
0x00007ffd6e130000 - 0x00007ffd6e23c000 	C:\Windows\SYSTEM32\WINHTTP.dll
0x00007ffd67eb0000 - 0x00007ffd67ec5000 	D:\Archivos de Programa\Java\bin\nio.dll
0x00007ffd6b9f0000 - 0x00007ffd6ba00000 	D:\Archivos de Programa\Java\bin\verify.dll

dbghelp: loaded successfully - version: 4.0.5 - missing functions: none
symbol engine: initialized successfully - sym options: 0x614 - pdb path: .;D:\Archivos de Programa\Java\bin;C:\Windows\SYSTEM32;C:\Windows\WinSxS\amd64_microsoft.windows.common-controls_6595b64144ccf1df_6.0.22000.120_none_9d947278b86cc467;D:\Archivos de Programa\Java\bin\server

VM Arguments:
jvm_args: -XX:+ShowCodeDetailsInExceptionMessages -agentlib:jdwp=transport=dt_socket,suspend=y,address=localhost:53697 -javaagent:D:\Archivos de Programa\Eclipse\eclipse\configuration\org.eclipse.osgi\222\0\.cp\lib\javaagent-shaded.jar -Dfile.encoding=UTF-8 
java_command: Programa.main
java_class_path (initial): D:\University\Prac1ED\Fase2\bin
Launcher Type: SUN_STANDARD

[Global flags]
     intx CICompilerCount                          = 4                                         {product} {ergonomic}
     uint ConcGCThreads                            = 2                                         {product} {ergonomic}
     uint G1ConcRefinementThreads                  = 8                                         {product} {ergonomic}
   size_t G1HeapRegionSize                         = 2097152                                   {product} {ergonomic}
    uintx GCDrainStackTargetSize                   = 64                                        {product} {ergonomic}
   size_t InitialHeapSize                          = 251658240                                 {product} {ergonomic}
   size_t MarkStackSize                            = 4194304                                   {product} {ergonomic}
   size_t MaxHeapSize                              = 4011851776                                {product} {ergonomic}
   size_t MaxNewSize                               = 2405433344                                {product} {ergonomic}
   size_t MinHeapDeltaBytes                        = 2097152                                   {product} {ergonomic}
   size_t MinHeapSize                              = 8388608                                   {product} {ergonomic}
    uintx NonNMethodCodeHeapSize                   = 5839372                                {pd product} {ergonomic}
    uintx NonProfiledCodeHeapSize                  = 122909434                              {pd product} {ergonomic}
    uintx ProfiledCodeHeapSize                     = 122909434                              {pd product} {ergonomic}
    uintx ReservedCodeCacheSize                    = 251658240                              {pd product} {ergonomic}
     bool SegmentedCodeCache                       = true                                      {product} {ergonomic}
     bool ShowCodeDetailsInExceptionMessages       = true                                   {manageable} {command line}
   size_t SoftMaxHeapSize                          = 4011851776                             {manageable} {ergonomic}
     bool UseCompressedClassPointers               = true                           {product lp64_product} {ergonomic}
     bool UseCompressedOops                        = true                           {product lp64_product} {ergonomic}
     bool UseG1GC                                  = true                                      {product} {ergonomic}
     bool UseLargePagesIndividualAllocation        = false                                  {pd product} {ergonomic}

Logging:
Log output configuration:
 #0: stdout all=warning uptime,level,tags
 #1: stderr all=off uptime,level,tags

Environment Variables:
PATH=D:/Archivos de Programa/Java/bin/server;D:/Archivos de Programa/Java/bin;D:\Archivos de Programa\Python\Scripts\;D:\Archivos de Programa\Python\;C:\Program Files\Common Files\Oracle\Java\javapath;C:\URV\bmde\msys\bin;C:\URV\bmde\devkitPro\devkitARM\bin;C:\URV\bmde\devkitPro\insight\bin;C:\Windows\system32;C:\Windows;C:\Windows\System32\Wbem;C:\Windows\System32\WindowsPowerShell\v1.0\;C:\Windows\System32\OpenSSH\;D:\Archivos de Programa\Java\bin;C:\Program Files\Git\cmd;C:\Program Files\OpenSSH\bin;C:\Users\carli\AppData\Local\Microsoft\WindowsApps;D:\Archivos de Programa\IntelliJ IDEA Community Edition 2021.2.2\bin;;C:\MinGW\bin;D:\Archivos de Programa\Visual Studio Code\Microsoft VS Code\bin;C:\Users\carli\AppData\Local\GitHubDesktop\bin;C:\ProgramData\Carlos\GitHubDesktop\bin;;C:\Users\carli\Desktop;
USERNAME=Carlos
OS=Windows_NT
PROCESSOR_IDENTIFIER=AMD64 Family 23 Model 24 Stepping 1, AuthenticAMD



---------------  S Y S T E M  ---------------

OS:
 Windows 10 , 64 bit Build 22000 (10.0.22000.613)
OS uptime: 1 days 11:58 hours

CPU: total 8 (initial active 8) (8 cores per cpu, 2 threads per core) family 23 model 24 stepping 1 microcode 0x0, cx8, cmov, fxsr, ht, mmx, 3dnowpref, sse, sse2, sse3, ssse3, sse4a, sse4.1, sse4.2, popcnt, lzcnt, tsc, tscinvbit, avx, avx2, aes, clmul, bmi1, bmi2, adx, sha, fma, vzeroupper, clflush, clflushopt

Memory: 4k page, system-wide physical 15297M (5879M free)
TotalPageFile size 25877M (AvailPageFile size 3433M)
current process WorkingSet (physical memory assigned to process): 44M, peak: 48M
current process commit charge ("private bytes"): 330M, peak: 335M

vm_info: Java HotSpot(TM) 64-Bit Server VM (17+35-LTS-2724) for windows-amd64 JRE (17+35-LTS-2724), built on Aug  5 2021 23:28:28 by "mach5one" with MS VC++ 16.8 (VS2019)

END.
